GEFEG.FX Export JSON Schema
********************

Data model: eCMR MMT; D23B

ERROR: Incomplete code list properties: QDT: "Cancellation_ Document Status_ Code. Type"
ERROR: Incomplete code list properties: QDT: "Invoice_ Document_ Code. Type"
ERROR: Incomplete code list properties: QDT: "Payment Terms Event_ Time Reference_ Code. Type"
ERROR: Incomplete code list properties: QDT: "Validation_ Document Status_ Code. Type"
ERROR: Empty code list restriction (ignored): file: "UNECE-BasicComponents.json" (Q)DT: "Quantity. Type" cc or sc "Quantity Unit. Code List. Identifier"
INFO: BBIE Applied_ Tax. Tax Point. Date skipped due to FLag.Type=DEP and FLag.AppliedCCL=D15A
INFO: BBIE Basic_ Work Item. Index. Value skipped due to FLag.Type=DEP and FLag.AppliedCCL=D09B
INFO: BBIE Basic_ Work Item. Status. Code skipped due to FLag.Type=DEP and FLag.AppliedCCL=D09B
INFO: BBIE Basic_ Work Item. Reference File. Binary Object skipped due to FLag.Type=DEP and FLag.AppliedCCL=D09B
INFO: ASBIE Basic_ Work Item. Subordinate. Basic_ Work Item skipped due to FLag.Type=DEP and FLag.AppliedCCL=D09B
INFO: BBIE Creditor_ Financial Account. Proprietary_ Account Name. Text skipped due to FLag.Type=DEP and FLag.AppliedCCL=D08B
INFO: BBIE Debtor_ Financial Account. Proprietary_ Account Name. Text skipped due to FLag.Type=DEP and FLag.AppliedCCL=D08B
INFO: BBIE Delimited_ Period. Purpose. Code skipped due to FLag.Type=DEP and FLag.AppliedCCL=D10A
INFO: BBIE Delimited_ Period. Function. Code skipped due to FLag.Type=DEP and FLag.AppliedCCL=D10A
INFO: BBIE Delimited_ Period. Inclusive. Indicator skipped due to FLag.Type=DEP and FLag.AppliedCCL=D10A
INFO: BBIE Delimited_ Period. Description. Text skipped due to FLag.Type=DEP and FLag.AppliedCCL=D10A
INFO: BBIE Delimited_ Period. Complete. Date Time skipped due to FLag.Type=DEP and FLag.AppliedCCL=D10A
INFO: BBIE Grouped_ Work Item. Index. Value skipped due to FLag.Type=DEP and FLag.AppliedCCL=D09B
INFO: BBIE Grouped_ Work Item. Description. Text skipped due to FLag.Type=DEP and FLag.AppliedCCL=D09B
INFO: BBIE Grouped_ Work Item. Reference File. Binary Object skipped due to FLag.Type=DEP and FLag.AppliedCCL=D09B
INFO: ASBIE Grouped_ Work Item. Subordinate. Grouped_ Work Item skipped due to FLag.Type=DEP and FLag.AppliedCCL=D09B
INFO: ASBIE Grouped_ Work Item. Subordinate. Basic_ Work Item skipped due to FLag.Type=DEP and FLag.AppliedCCL=D09B
INFO: BBIE Legal_ Organization. Tax Registration. Identifier skipped due to FLag.Type=DEP and FLag.AppliedCCL=D10A
INFO: BBIE Legal_ Organization. Abbreviated Name. Text skipped due to FLag.Type=DEP and FLag.AppliedCCL=D10A
INFO: BBIE Legal_ Organization. Parent. Text skipped due to FLag.Type=DEP and FLag.AppliedCCL=D10A
INFO: BBIE Legal_ Organization. Official_ Language. Code skipped due to FLag.Type=DEP and FLag.AppliedCCL=D10A
INFO: BBIE Legal_ Organization. Function. Code skipped due to FLag.Type=DEP and FLag.AppliedCCL=D10A
INFO: BBIE Legal_ Organization. Social_ Identification. Identifier skipped due to FLag.Type=DEP and FLag.AppliedCCL=D10A
INFO: BBIE Legal_ Organization. Fiscal_ Identification. Identifier skipped due to FLag.Type=DEP and FLag.AppliedCCL=D10A
INFO: BBIE Legal_ Organization. Other_ Identification. Identifier skipped due to FLag.Type=DEP and FLag.AppliedCCL=D10A
INFO: BBIE Legal_ Organization. Parent. Identifier skipped due to FLag.Type=DEP and FLag.AppliedCCL=D10A
INFO: ASBIE Legal_ Organization. Parent. Legal_ Organization skipped due to FLag.Type=DEP and FLag.AppliedCCL=D10A
INFO: ASBIE Payment_ Financial Account. Servicing. Payment_ Financial Institution skipped due to FLag.Type=DEP and FLag.AppliedCCL=D10A
INFO: ASBIE Product Handling_ Process. Completion. Delimited_ Period skipped due to FLag.Type=DEP and FLag.AppliedCCL=D08B
INFO: BBIE Referenced_ Document. Subordinate_ Line. Identifier skipped due to FLag.Type=DEP and FLag.AppliedCCL=D20A
INFO: BBIE Specified_ Binary File. File Name. Text skipped due to FLag.Type=DEP and FLag.AppliedCCL=D14A
INFO: ASBIE Supply Chain_ Supply Plan. Contract_ Referenced. Referenced_ Document skipped due to FLag.Type=DEP and FLag.AppliedCCL=D22A
INFO: ASBIE Supply Chain_ Supply Plan. Delivery Note_ Referenced. Referenced_ Document skipped due to FLag.Type=DEP and FLag.AppliedCCL=D22A
INFO: BBIE Trade_ Accounting Account. Cost Assignment Reference. Text skipped due to FLag.Type=DEP and FLag.AppliedCCL=D09A
INFO: BBIE Trade_ Payment Terms. Due Date. Date Time skipped due to FLag.Type=DEP and FLag.AppliedCCL=D14A
INFO: BBIE Trade_ Tax. Tax Point. Date skipped due to FLag.Type=DEP and FLag.AppliedCCL=D15A
INFO: BBIE Work Item_ Quantity Analysis. Status. Code skipped due to FLag.Type=DEP and FLag.AppliedCCL=D09B
ERROR: Empty code list: codelists/IANA_MIMEMediaType.json#/$defs/codeList/$defs/MIMEMediaTypeType (Binary Object. Mime. Code)
ERROR: Empty code list: codelists/ISO_CashAccountType.json#/$defs/codeList/$defs/CashAccountTypeType (Cash Account Type_ Code. Content)
ERROR: Empty code list: codelists/ISO_FinancingStatus.json#/$defs/codeList/$defs/FinancingStatusType (Financing Status_ Code. Content)
ERROR: Empty code list: codelists/ISO_FinancingStatusReason.json#/$defs/codeList/$defs/FinancingStatusReasonType (Financing Status Reason_ Code. Content)
ERROR: Empty code list: codelists/ISO_NamePrefixCode.json#/$defs/codeList/$defs/NamePrefixCodeType (Title_ Code. Content)
